Base path: /Applications/Unity/Unity.app/Contents
Cmd: initializeCompiler
Cmd: translateComputeKernel
  api=14 insize=841 outsize=785 ok=1
Cmd: translateComputeKernel
  api=14 insize=1373 outsize=1545 ok=1
Cmd: translateComputeKernel
  api=14 insize=48553 outsize=85569 ok=1
Cmd: compileComputeKernel
  api=15 insize=5004 outsize=7413 ok=1
Cmd: translateComputeKernel
  api=14 insize=5397 outsize=7577 ok=1
Cmd: compileComputeKernel
  api=15 insize=9164 outsize=15905 ok=1
Cmd: translateComputeKernel
  api=14 insize=9937 outsize=16837 ok=1
Cmd: compileComputeKernel
  api=15 insize=1804 outsize=3601 ok=1
Cmd: compileComputeKernel
  api=15 insize=1633 outsize=1801 ok=1

Quitting shader compiler process
