Base path: /Applications/Unity/Unity.app/Contents
Cmd: initializeCompiler
Cmd: compileComputeKernel
  api=14 insize=2778 outsize=48933 ok=1
Cmd: translateComputeKernel
  api=14 insize=48933 outsize=86121 ok=1
Cmd: translateComputeKernel
  api=14 insize=10693 outsize=18705 ok=1
Cmd: compileComputeKernel
  api=15 insize=5004 outsize=8165 ok=1
Cmd: translateComputeKernel
  api=14 insize=6805 outsize=10541 ok=1
Cmd: compileComputeKernel
  api=14 insize=9164 outsize=9937 ok=1
Cmd: translateComputeKernel
  api=14 insize=9381 outsize=16153 ok=1
Cmd: compileComputeKernel
  api=14 insize=2865 outsize=793 ok=1
Cmd: compileComputeKernel
  api=14 insize=1804 outsize=1145 ok=1

Quitting shader compiler process
