Base path: /Applications/Unity/Unity.app/Contents
Cmd: initializeCompiler
Cmd: compileComputeKernel
<<<<<<< HEAD
  api=15 insize=2057 outsize=769 ok=1
Cmd: translateComputeKernel
  api=14 insize=48553 outsize=85569 ok=1
Cmd: compileComputeKernel
  api=14 insize=5004 outsize=6805 ok=1
Cmd: compileComputeKernel
  api=15 insize=2349 outsize=4905 ok=1
Cmd: compileComputeKernel
  api=15 insize=9164 outsize=16229 ok=1
Cmd: translateComputeKernel
  api=14 insize=9517 outsize=16305 ok=1
=======
  api=14 insize=2057 outsize=2149 ok=1
Cmd: translateComputeKernel
  api=14 insize=2149 outsize=3865 ok=1
Cmd: translateComputeKernel
  api=14 insize=1373 outsize=1545 ok=1
Cmd: compileComputeKernel
  api=15 insize=2778 outsize=82829 ok=1
Cmd: compileComputeKernel
  api=15 insize=7328 outsize=17833 ok=1
Cmd: compileComputeKernel
  api=14 insize=5004 outsize=5509 ok=1
Cmd: compileComputeKernel
  api=15 insize=5004 outsize=7413 ok=1
Cmd: compileComputeKernel
  api=15 insize=5004 outsize=10397 ok=1
Cmd: compileComputeKernel
  api=15 insize=2349 outsize=4905 ok=1
Cmd: compileComputeKernel
  api=14 insize=9164 outsize=9705 ok=1
Cmd: compileComputeKernel
  api=15 insize=9164 outsize=16057 ok=1
Cmd: compileComputeKernel
  api=15 insize=9164 outsize=16713 ok=1
Cmd: compileComputeKernel
  api=15 insize=2865 outsize=773 ok=1
Cmd: translateComputeKernel
  api=14 insize=2021 outsize=3169 ok=1
>>>>>>> c2eef4a6b219444004a5a6b4929c19a110a45dc5
Cmd: compileComputeKernel
  api=15 insize=1804 outsize=3601 ok=1
Cmd: compileComputeKernel
  api=14 insize=1452 outsize=1193 ok=1
Cmd: translateComputeKernel
<<<<<<< HEAD
  api=14 insize=2097 outsize=3333 ok=1

Quitting shader compiler process
=======
  api=14 insize=1193 outsize=1313 ok=1
Cmd: compileComputeKernel
  api=15 insize=1633 outsize=1801 ok=1
>>>>>>> c2eef4a6b219444004a5a6b4929c19a110a45dc5
