Base path: /Applications/Unity/Unity.app/Contents
Cmd: initializeCompiler
Cmd: compileComputeKernel
  api=15 insize=2057 outsize=3877 ok=1
<<<<<<< HEAD
Cmd: translateComputeKernel
  api=14 insize=1373 outsize=1545 ok=1
=======
Cmd: compileComputeKernel
  api=15 insize=774 outsize=1817 ok=1
Cmd: compileComputeKernel
  api=15 insize=2778 outsize=83309 ok=1
>>>>>>> c2eef4a6b219444004a5a6b4929c19a110a45dc5
Cmd: compileComputeKernel
  api=15 insize=2778 outsize=82829 ok=1
Cmd: compileComputeKernel
<<<<<<< HEAD
  api=14 insize=5004 outsize=5509 ok=1
Cmd: compileComputeKernel
  api=14 insize=9164 outsize=9705 ok=1
Cmd: translateComputeKernel
  api=14 insize=9937 outsize=16837 ok=1
=======
  api=14 insize=5004 outsize=10537 ok=1
Cmd: translateComputeKernel
  api=14 insize=5397 outsize=7577 ok=1
Cmd: translateComputeKernel
  api=14 insize=10793 outsize=17581 ok=1
Cmd: translateComputeKernel
  api=14 insize=5765 outsize=8357 ok=1
Cmd: translateComputeKernel
  api=14 insize=6805 outsize=10541 ok=1
Cmd: compileComputeKernel
  api=14 insize=2349 outsize=3229 ok=1
Cmd: compileComputeKernel
  api=14 insize=9164 outsize=9381 ok=1
Cmd: compileComputeKernel
  api=14 insize=9164 outsize=9937 ok=1
Cmd: translateComputeKernel
  api=14 insize=9381 outsize=16153 ok=1
Cmd: translateComputeKernel
  api=14 insize=9517 outsize=16305 ok=1
Cmd: translateComputeKernel
  api=14 insize=9621 outsize=16413 ok=1
Cmd: translateComputeKernel
  api=14 insize=9937 outsize=16837 ok=1
Cmd: compileComputeKernel
  api=15 insize=5433 outsize=13221 ok=1
Cmd: translateComputeKernel
  api=14 insize=7001 outsize=13517 ok=1
>>>>>>> c2eef4a6b219444004a5a6b4929c19a110a45dc5
Cmd: compileComputeKernel
  api=15 insize=2865 outsize=3181 ok=1
Cmd: compileComputeKernel
<<<<<<< HEAD
  api=15 insize=1452 outsize=1645 ok=1

Quitting shader compiler process
=======
  api=15 insize=1804 outsize=1797 ok=1
Cmd: compileComputeKernel
  api=14 insize=1452 outsize=2097 ok=1
Cmd: translateComputeKernel
  api=14 insize=2097 outsize=3333 ok=1
>>>>>>> c2eef4a6b219444004a5a6b4929c19a110a45dc5
